<?xml version="1.0" encoding="UTF-8"?>
<!-- Generated by org.testng.reporters.JUnitReportReporter -->
<testsuite hostname="DESKTOP-3UE5SPF" failures="0" tests="1" name="Projectpkgtest.Logintest" time="22.431" errors="0" timestamp="2024-04-03T17:24:50 GMT-09:00" skipped="0">
  <testcase classname="Projectpkgtest.Logintest" name="test" time="22.431"/>
  <system-out/>
</testsuite> <!-- Projectpkgtest.Logintest -->
